[1] "/Volumes/Beta2/flow/testSyncLymph/"
[1] "/Volumes/Beta2/flow/testSyncLymph//2016-05-05_PANEL 1_HB_panel one_F1631931_006.fcs_subFirst_TRUE_normalize_FALSE.IntMatrix.txt.gz"
[1] "/Volumes/Beta2/flow/testSyncLymph//2016-05-05_PANEL 1_HB_panel one_F1631931_006.fcs_subFirst_TRUE_normalize_FALSE.boolMatrix.txt.gz"
[1] "/Volumes/Beta2/flow/testSyncLymph//2016-05-05_PANEL 1_HB_panel one_F1631931_006.fcs_subFirst_TRUE_normalize_FALSE.OC.POP.matrix.txt.gz"
[1] "summarizing clusters from /Volumes/Beta2/flow/testSyncLymph//2016-05-05_PANEL 1_HB_panel one_F1631931_006.fcs_subFirst_TRUE_normalize_FALSE.IntMatrix.txt.gzto /Volumes/Beta2/flow/testSummaryLymph/"
[1] "Pop N 520693in  /Volumes/Beta2/flow/testSyncLymph//2016-05-05_PANEL 1_HB_panel one_F1631931_006.fcs_subFirst_TRUE_normalize_FALSE.boolMatrix.txt.gz"
[1] "Pop N 520693in  /Volumes/Beta2/flow/testSyncLymph//2016-05-05_PANEL 1_HB_panel one_F1631931_006.fcs_subFirst_TRUE_normalize_FALSE.OC.POP.matrix.txt.gz"
[1] "finished summarizing clusters from /Volumes/Beta2/flow/testSyncLymph//2016-05-05_PANEL 1_HB_panel one_F1631931_006.fcs_subFirst_TRUE_normalize_FALSE.IntMatrix.txt.gz"
[1] "/Volumes/Beta2/flow/testSyncLymph//2016-05-05_PANEL 1_HB_panel one_F1631958_002.fcs_subFirst_TRUE_normalize_FALSE.IntMatrix.txt.gz"
[1] "/Volumes/Beta2/flow/testSyncLymph//2016-05-05_PANEL 1_HB_panel one_F1631958_002.fcs_subFirst_TRUE_normalize_FALSE.boolMatrix.txt.gz"
[1] "/Volumes/Beta2/flow/testSyncLymph//2016-05-05_PANEL 1_HB_panel one_F1631958_002.fcs_subFirst_TRUE_normalize_FALSE.OC.POP.matrix.txt.gz"
[1] "summarizing clusters from /Volumes/Beta2/flow/testSyncLymph//2016-05-05_PANEL 1_HB_panel one_F1631958_002.fcs_subFirst_TRUE_normalize_FALSE.IntMatrix.txt.gzto /Volumes/Beta2/flow/testSummaryLymph/"
[1] "Pop N 2594030in  /Volumes/Beta2/flow/testSyncLymph//2016-05-05_PANEL 1_HB_panel one_F1631958_002.fcs_subFirst_TRUE_normalize_FALSE.boolMatrix.txt.gz"
[1] "Pop N 2594030in  /Volumes/Beta2/flow/testSyncLymph//2016-05-05_PANEL 1_HB_panel one_F1631958_002.fcs_subFirst_TRUE_normalize_FALSE.OC.POP.matrix.txt.gz"
[1] "finished summarizing clusters from /Volumes/Beta2/flow/testSyncLymph//2016-05-05_PANEL 1_HB_panel one_F1631958_002.fcs_subFirst_TRUE_normalize_FALSE.IntMatrix.txt.gz"
[1] "/Volumes/Beta2/flow/testSyncLymph//2016-05-05_PANEL 1_HB_panel one_F1631959_005.fcs_subFirst_TRUE_normalize_FALSE.IntMatrix.txt.gz"
[1] "/Volumes/Beta2/flow/testSyncLymph//2016-05-05_PANEL 1_HB_panel one_F1631959_005.fcs_subFirst_TRUE_normalize_FALSE.boolMatrix.txt.gz"
[1] "/Volumes/Beta2/flow/testSyncLymph//2016-05-05_PANEL 1_HB_panel one_F1631959_005.fcs_subFirst_TRUE_normalize_FALSE.OC.POP.matrix.txt.gz"
[1] "summarizing clusters from /Volumes/Beta2/flow/testSyncLymph//2016-05-05_PANEL 1_HB_panel one_F1631959_005.fcs_subFirst_TRUE_normalize_FALSE.IntMatrix.txt.gzto /Volumes/Beta2/flow/testSummaryLymph/"
[1] "Pop N 1228828in  /Volumes/Beta2/flow/testSyncLymph//2016-05-05_PANEL 1_HB_panel one_F1631959_005.fcs_subFirst_TRUE_normalize_FALSE.boolMatrix.txt.gz"
[1] "Pop N 1228828in  /Volumes/Beta2/flow/testSyncLymph//2016-05-05_PANEL 1_HB_panel one_F1631959_005.fcs_subFirst_TRUE_normalize_FALSE.OC.POP.matrix.txt.gz"
[1] "finished summarizing clusters from /Volumes/Beta2/flow/testSyncLymph//2016-05-05_PANEL 1_HB_panel one_F1631959_005.fcs_subFirst_TRUE_normalize_FALSE.IntMatrix.txt.gz"
[1] "/Volumes/Beta2/flow/testSyncLymph//2016-05-05_PANEL 1_HB_panel one_F1631960_004.fcs_subFirst_TRUE_normalize_FALSE.IntMatrix.txt.gz"
[1] "/Volumes/Beta2/flow/testSyncLymph//2016-05-05_PANEL 1_HB_panel one_F1631960_004.fcs_subFirst_TRUE_normalize_FALSE.boolMatrix.txt.gz"
[1] "/Volumes/Beta2/flow/testSyncLymph//2016-05-05_PANEL 1_HB_panel one_F1631960_004.fcs_subFirst_TRUE_normalize_FALSE.OC.POP.matrix.txt.gz"
[1] "summarizing clusters from /Volumes/Beta2/flow/testSyncLymph//2016-05-05_PANEL 1_HB_panel one_F1631960_004.fcs_subFirst_TRUE_normalize_FALSE.IntMatrix.txt.gzto /Volumes/Beta2/flow/testSummaryLymph/"
[1] "Pop N 1191275in  /Volumes/Beta2/flow/testSyncLymph//2016-05-05_PANEL 1_HB_panel one_F1631960_004.fcs_subFirst_TRUE_normalize_FALSE.boolMatrix.txt.gz"
[1] "Pop N 1191275in  /Volumes/Beta2/flow/testSyncLymph//2016-05-05_PANEL 1_HB_panel one_F1631960_004.fcs_subFirst_TRUE_normalize_FALSE.OC.POP.matrix.txt.gz"
[1] "finished summarizing clusters from /Volumes/Beta2/flow/testSyncLymph//2016-05-05_PANEL 1_HB_panel one_F1631960_004.fcs_subFirst_TRUE_normalize_FALSE.IntMatrix.txt.gz"
[1] "/Volumes/Beta2/flow/testSyncLymph//2016-05-05_PANEL 1_HB_panel one_F1631961_003.fcs_subFirst_TRUE_normalize_FALSE.IntMatrix.txt.gz"
[1] "/Volumes/Beta2/flow/testSyncLymph//2016-05-05_PANEL 1_HB_panel one_F1631961_003.fcs_subFirst_TRUE_normalize_FALSE.boolMatrix.txt.gz"
[1] "/Volumes/Beta2/flow/testSyncLymph//2016-05-05_PANEL 1_HB_panel one_F1631961_003.fcs_subFirst_TRUE_normalize_FALSE.OC.POP.matrix.txt.gz"
[1] "summarizing clusters from /Volumes/Beta2/flow/testSyncLymph//2016-05-05_PANEL 1_HB_panel one_F1631961_003.fcs_subFirst_TRUE_normalize_FALSE.IntMatrix.txt.gzto /Volumes/Beta2/flow/testSummaryLymph/"
[1] "Pop N 1678095in  /Volumes/Beta2/flow/testSyncLymph//2016-05-05_PANEL 1_HB_panel one_F1631961_003.fcs_subFirst_TRUE_normalize_FALSE.boolMatrix.txt.gz"
[1] "Pop N 1678095in  /Volumes/Beta2/flow/testSyncLymph//2016-05-05_PANEL 1_HB_panel one_F1631961_003.fcs_subFirst_TRUE_normalize_FALSE.OC.POP.matrix.txt.gz"
[1] "finished summarizing clusters from /Volumes/Beta2/flow/testSyncLymph//2016-05-05_PANEL 1_HB_panel one_F1631961_003.fcs_subFirst_TRUE_normalize_FALSE.IntMatrix.txt.gz"
[1] "/Volumes/Beta2/flow/testSyncLymph//2016-05-06_PANEL 1_ZF_panel one_F1631944_005.fcs_subFirst_TRUE_normalize_FALSE.IntMatrix.txt.gz"
[1] "/Volumes/Beta2/flow/testSyncLymph//2016-05-06_PANEL 1_ZF_panel one_F1631944_005.fcs_subFirst_TRUE_normalize_FALSE.boolMatrix.txt.gz"
[1] "/Volumes/Beta2/flow/testSyncLymph//2016-05-06_PANEL 1_ZF_panel one_F1631944_005.fcs_subFirst_TRUE_normalize_FALSE.OC.POP.matrix.txt.gz"
[1] "summarizing clusters from /Volumes/Beta2/flow/testSyncLymph//2016-05-06_PANEL 1_ZF_panel one_F1631944_005.fcs_subFirst_TRUE_normalize_FALSE.IntMatrix.txt.gzto /Volumes/Beta2/flow/testSummaryLymph/"
[1] "Pop N 855542in  /Volumes/Beta2/flow/testSyncLymph//2016-05-06_PANEL 1_ZF_panel one_F1631944_005.fcs_subFirst_TRUE_normalize_FALSE.boolMatrix.txt.gz"
[1] "Pop N 855542in  /Volumes/Beta2/flow/testSyncLymph//2016-05-06_PANEL 1_ZF_panel one_F1631944_005.fcs_subFirst_TRUE_normalize_FALSE.OC.POP.matrix.txt.gz"
[1] "finished summarizing clusters from /Volumes/Beta2/flow/testSyncLymph//2016-05-06_PANEL 1_ZF_panel one_F1631944_005.fcs_subFirst_TRUE_normalize_FALSE.IntMatrix.txt.gz"
[1] "/Volumes/Beta2/flow/testSyncLymph//2016-05-06_PANEL 1_ZF_panel one_F1631950_006.fcs_subFirst_TRUE_normalize_FALSE.IntMatrix.txt.gz"
[1] "/Volumes/Beta2/flow/testSyncLymph//2016-05-06_PANEL 1_ZF_panel one_F1631950_006.fcs_subFirst_TRUE_normalize_FALSE.boolMatrix.txt.gz"
[1] "/Volumes/Beta2/flow/testSyncLymph//2016-05-06_PANEL 1_ZF_panel one_F1631950_006.fcs_subFirst_TRUE_normalize_FALSE.OC.POP.matrix.txt.gz"
[1] "summarizing clusters from /Volumes/Beta2/flow/testSyncLymph//2016-05-06_PANEL 1_ZF_panel one_F1631950_006.fcs_subFirst_TRUE_normalize_FALSE.IntMatrix.txt.gzto /Volumes/Beta2/flow/testSummaryLymph/"
[1] "Pop N 782527in  /Volumes/Beta2/flow/testSyncLymph//2016-05-06_PANEL 1_ZF_panel one_F1631950_006.fcs_subFirst_TRUE_normalize_FALSE.boolMatrix.txt.gz"
[1] "Pop N 782527in  /Volumes/Beta2/flow/testSyncLymph//2016-05-06_PANEL 1_ZF_panel one_F1631950_006.fcs_subFirst_TRUE_normalize_FALSE.OC.POP.matrix.txt.gz"
[1] "finished summarizing clusters from /Volumes/Beta2/flow/testSyncLymph//2016-05-06_PANEL 1_ZF_panel one_F1631950_006.fcs_subFirst_TRUE_normalize_FALSE.IntMatrix.txt.gz"
[1] "/Volumes/Beta2/flow/testSyncLymph//2016-05-06_PANEL 1_ZF_panel one_F1631954_003.fcs_subFirst_TRUE_normalize_FALSE.IntMatrix.txt.gz"
[1] "/Volumes/Beta2/flow/testSyncLymph//2016-05-06_PANEL 1_ZF_panel one_F1631954_003.fcs_subFirst_TRUE_normalize_FALSE.boolMatrix.txt.gz"
[1] "/Volumes/Beta2/flow/testSyncLymph//2016-05-06_PANEL 1_ZF_panel one_F1631954_003.fcs_subFirst_TRUE_normalize_FALSE.OC.POP.matrix.txt.gz"
[1] "summarizing clusters from /Volumes/Beta2/flow/testSyncLymph//2016-05-06_PANEL 1_ZF_panel one_F1631954_003.fcs_subFirst_TRUE_normalize_FALSE.IntMatrix.txt.gzto /Volumes/Beta2/flow/testSummaryLymph/"
[1] "Pop N 1048696in  /Volumes/Beta2/flow/testSyncLymph//2016-05-06_PANEL 1_ZF_panel one_F1631954_003.fcs_subFirst_TRUE_normalize_FALSE.boolMatrix.txt.gz"
[1] "Pop N 1048696in  /Volumes/Beta2/flow/testSyncLymph//2016-05-06_PANEL 1_ZF_panel one_F1631954_003.fcs_subFirst_TRUE_normalize_FALSE.OC.POP.matrix.txt.gz"
[1] "finished summarizing clusters from /Volumes/Beta2/flow/testSyncLymph//2016-05-06_PANEL 1_ZF_panel one_F1631954_003.fcs_subFirst_TRUE_normalize_FALSE.IntMatrix.txt.gz"
[1] "/Volumes/Beta2/flow/testSyncLymph//2016-05-06_PANEL 1_ZF_panel one_F1631956_004.fcs_subFirst_TRUE_normalize_FALSE.IntMatrix.txt.gz"
[1] "/Volumes/Beta2/flow/testSyncLymph//2016-05-06_PANEL 1_ZF_panel one_F1631956_004.fcs_subFirst_TRUE_normalize_FALSE.boolMatrix.txt.gz"
[1] "/Volumes/Beta2/flow/testSyncLymph//2016-05-06_PANEL 1_ZF_panel one_F1631956_004.fcs_subFirst_TRUE_normalize_FALSE.OC.POP.matrix.txt.gz"
[1] "summarizing clusters from /Volumes/Beta2/flow/testSyncLymph//2016-05-06_PANEL 1_ZF_panel one_F1631956_004.fcs_subFirst_TRUE_normalize_FALSE.IntMatrix.txt.gzto /Volumes/Beta2/flow/testSummaryLymph/"
[1] "Pop N 1062942in  /Volumes/Beta2/flow/testSyncLymph//2016-05-06_PANEL 1_ZF_panel one_F1631956_004.fcs_subFirst_TRUE_normalize_FALSE.boolMatrix.txt.gz"
[1] "Pop N 1062942in  /Volumes/Beta2/flow/testSyncLymph//2016-05-06_PANEL 1_ZF_panel one_F1631956_004.fcs_subFirst_TRUE_normalize_FALSE.OC.POP.matrix.txt.gz"
[1] "finished summarizing clusters from /Volumes/Beta2/flow/testSyncLymph//2016-05-06_PANEL 1_ZF_panel one_F1631956_004.fcs_subFirst_TRUE_normalize_FALSE.IntMatrix.txt.gz"
